1595140782.246079	ERR: zero div fail, ig likes, https://www.picuki.com/profile/alisa_summers
1595140804.965664	ERR: request fail, https://www.picuki.com/profile/bhytes
1595140807.260573	ERR: request fail, https://www.picuki.com/profile/theonlycocomontrese
1595140807.645244	ERR: request fail, https://www.picuki.com/profile/courtneyact
1595140807.852611	ERR: request fail, https://www.picuki.com/profile/crystalmethyd
1595140808.028804	ERR: request fail, https://www.picuki.com/profile/dahlia_sin
1595140808.17262	ERR: request fail, https://www.picuki.com/profile/dariennelake
1595140808.67365	ERR: request fail, https://www.picuki.com/profile/derrickbarry
1595140808.7561631	ERR: request fail, https://www.picuki.com/profile/theonlydetox
1595140808.84053	ERR: request fail, https://www.picuki.com/profile/didaswag
1595140808.9247081	ERR: request fail, https://www.picuki.com/profile/dustyray
1595140809.00863	ERR: request fail, https://www.picuki.com/profile/eurekaohara
1595140809.09163	ERR: request fail, https://www.picuki.com/profile/gia_gunn
1595140809.17646	ERR: request fail, https://www.picuki.com/profile/thegigigoode
1595140809.2589471	ERR: request fail, https://www.picuki.com/profile/heidincloset
1595140838.46081	ERR: request fail, https://www.picuki.com/profile/kalkarbdashianw
1595141084.4156978	ERR: chop fail: aiden.zhane;  1595141084.err
1595141085.120897	ERR: chop fail: akeriachanel.davenport;  1595141085.err
1595141086.804492	ERR: chop fail: alexis.mateo.37;  1595141086.err
1595141087.511758	ERR: chop fail: alisa.summers;  1595141087.err
1595141100.527354	ERR: chop fail: chadmichaelsallstar;  1595141100.err
1595141105.450869	ERR: chop fail: erick.anthony.73594;  1595141105.err
1595141110.492529	ERR: chop fail: dustyray.bottoms;  1595141110.err
1595141111.242191	ERR: chop fail: eureka.ohara2;  1595141111.err
1595141111.740306	ERR: chop fail: gia.gunn;  1595141111.err
1595141114.560523	ERR: chop fail: honeydavenportofficial;  1595141114.err
1595141115.5816162	ERR: chop fail: honeymahogany;  1595141115.err
1595141121.83229	ERR: username null: 
1595141127.018909	ERR: chop fail: kahanna.rachels;  1595141127.err
1595141130.8795469	ERR: chop fail: kenya.michaels.3;  1595141130.err
1595141131.661961	ERR: chop fail: JMJBEYOND;  1595141131.err
1595141137.905868	ERR: chop fail: mercedes.iman;  1595141137.err
1595141138.0929348	ERR: chop fail: itsdwaynecooper;  1595141138.err
1595142232.423286	ERR: chop fail: akeriachanel.davenport;  1595142232.err
1595142244.645021	ERR: chop fail: chadmichaelsallstar;  1595142244.err
1595142266.901194	ERR: username null: 
1595142273.3310132	ERR: username null: 
1595142274.196639	ERR: username null: 
1595142281.336628	ERR: username null: 
1595142281.3371038	ERR: username null: 
1595142284.5497332	ERR: chop fail: monet.xchange;  1595142284.err
1595142287.4000692	ERR: chop fail: nickydolls;  1595142287.err
1595142292.9973829	ERR: chop fail: RockMSakura;  1595142292.err
1595142297.0087621	ERR: username null: 
1595142303.449048	ERR: username null: 
